C51 COMPILER V9.00   MAIN                                                                  05/17/2015 19:11:55 PAGE 1   


C51 COMPILER V9.00, COMPILATION OF MODULE MAIN
OBJECT MODULE PLACED IN main.OBJ
COMPILER INVOKED BY: C:\Keil\C51\BIN\C51.EXE main.c BROWSE DEBUG OBJECTEXTEND

line level    source

   1          /**
   2           * 用单片机制作游戏机
   3           * 洋子
   4           * purocean@gmail.com
   5           * 2015年5月8日17:53:05
   6           */
   7          
   8          #include <reg51.h>
   9          #include "inc/event/event.h"
  10          #include "inc/timer/timer.h"
  11          #include "inc/lcd/nokia_5110.h"
  12          #include "menu/menu.h"
  13          #include "about/about.h"
  14          #include "racing/racing.h"
  15          
  16          /**
  17           * 菜单 ID
  18           * 100-199 分配给主菜单，一级子项为 1x0， 二级 1xy
  19           * 200-299 分配给赛车游戏
  20          **/
  21          unsigned int Menu_id;
  22          
  23          // 初始化工作
  24          void init(void);
  25          
  26          void main(void){
  27   1          init();
  28   1      
  29   1          for(;;){
  30   2              // 扫描按键
  31   2              event_scan_key();
  32   2      
  33   2      
  34   2              if(200 <= Menu_id && Menu_id < 300){
  35   3                  racing();
  36   3              }else if(100 <= Menu_id && Menu_id < 200){
  37   3                  menu();
  38   3              }else if(900 <= Menu_id && Menu_id < 1000){
  39   3                  about();
  40   3              }
  41   2      
  42   2              LCD_draw_int_6x8(42, 0,P2);
  43   2              LCD_draw_int_6x8(0, 0, Menu_id);
  44   2          }
  45   1      }
  46          
  47          void init(void){
  48   1          timer_init();
  49   1          LCD_init();
  50   1          LCD_clear();
  51   1          menu_init();
  52   1      }


MODULE INFORMATION:   STATIC OVERLAYABLE
C51 COMPILER V9.00   MAIN                                                                  05/17/2015 19:11:55 PAGE 2   

   CODE SIZE        =    130    ----
   CONSTANT SIZE    =   ----    ----
   XDATA SIZE       =   ----    ----
   PDATA SIZE       =   ----    ----
   DATA SIZE        =      2    ----
   IDATA SIZE       =   ----    ----
   BIT SIZE         =   ----    ----
END OF MODULE INFORMATION.


C51 COMPILATION COMPLETE.  0 WARNING(S),  0 ERROR(S)
